<?xml version="1.0" encoding="UTF-8"?>
<testng-results ignored="0" total="1" passed="1" failed="0" skipped="0">
  <reporter-output>
  </reporter-output>
  <suite started-at="2019-07-16T09:42:41Z" name="Default suite" finished-at="2019-07-16T09:43:11Z" duration-ms="30255">
    <groups>
    </groups>
    <test started-at="2019-07-16T09:42:41Z" name="Default test" finished-at="2019-07-16T09:43:11Z" duration-ms="30255">
      <class name="com.training.sanity.tests.RealProp">
        <test-method is-config="true" signature="setUpBeforeClass()[pri:0, instance:com.training.sanity.tests.RealProp@4f638935]" started-at="2019-07-16T09:42:41Z" name="setUpBeforeClass" finished-at="2019-07-16T09:42:41Z" duration-ms="16" status="PASS">
          <reporter-output>
          </reporter-output>
        </test-method> <!-- setUpBeforeClass -->
        <test-method is-config="true" signature="setUp()[pri:0, instance:com.training.sanity.tests.RealProp@4f638935]" started-at="2019-07-16T09:42:41Z" name="setUp" finished-at="2019-07-16T09:42:53Z" duration-ms="12114" status="PASS">
          <reporter-output>
          </reporter-output>
        </test-method> <!-- setUp -->
        <test-method signature="validLoginTest()[pri:0, instance:com.training.sanity.tests.RealProp@4f638935]" started-at="2019-07-16T09:42:53Z" name="validLoginTest" finished-at="2019-07-16T09:43:10Z" duration-ms="17095" status="PASS">
          <reporter-output>
          </reporter-output>
        </test-method> <!-- validLoginTest -->
        <test-method is-config="true" signature="tearDown()[pri:0, instance:com.training.sanity.tests.RealProp@4f638935]" started-at="2019-07-16T09:43:10Z" name="tearDown" finished-at="2019-07-16T09:43:11Z" duration-ms="1008" status="PASS">
          <reporter-output>
          </reporter-output>
        </test-method> <!-- tearDown -->
      </class> <!-- com.training.sanity.tests.RealProp -->
    </test> <!-- Default test -->
  </suite> <!-- Default suite -->
</testng-results>
