<?xml version="1.0" encoding="UTF-8"?>
<testng-results ignored="0" total="1" passed="1" failed="0" skipped="0">
  <reporter-output>
  </reporter-output>
  <suite started-at="2019-07-21T18:15:12Z" name="Default suite" finished-at="2019-07-21T18:15:54Z" duration-ms="41466">
    <groups>
    </groups>
    <test started-at="2019-07-21T18:15:12Z" name="Default test" finished-at="2019-07-21T18:15:54Z" duration-ms="41466">
      <class name="com.training.sanity.tests.RealURL">
        <test-method is-config="true" signature="setUpBeforeClass()[pri:0, instance:com.training.sanity.tests.RealURL@4f638935]" started-at="2019-07-21T18:15:12Z" name="setUpBeforeClass" finished-at="2019-07-21T18:15:12Z" duration-ms="28" status="PASS">
          <reporter-output>
          </reporter-output>
        </test-method> <!-- setUpBeforeClass -->
        <test-method is-config="true" signature="setUp()[pri:0, instance:com.training.sanity.tests.RealURL@4f638935]" started-at="2019-07-21T18:15:12Z" name="setUp" finished-at="2019-07-21T18:15:29Z" duration-ms="16834" status="PASS">
          <reporter-output>
          </reporter-output>
        </test-method> <!-- setUp -->
        <test-method signature="validLoginTest()[pri:0, instance:com.training.sanity.tests.RealURL@4f638935]" started-at="2019-07-21T18:15:29Z" name="validLoginTest" finished-at="2019-07-21T18:15:53Z" duration-ms="23581" status="PASS">
          <reporter-output>
          </reporter-output>
        </test-method> <!-- validLoginTest -->
        <test-method is-config="true" signature="tearDown()[pri:0, instance:com.training.sanity.tests.RealURL@4f638935]" started-at="2019-07-21T18:15:53Z" name="tearDown" finished-at="2019-07-21T18:15:54Z" duration-ms="1001" status="PASS">
          <reporter-output>
          </reporter-output>
        </test-method> <!-- tearDown -->
      </class> <!-- com.training.sanity.tests.RealURL -->
    </test> <!-- Default test -->
  </suite> <!-- Default suite -->
</testng-results>
